<?xml version="1.0" encoding="UTF-8"?>
<!-- Generated by org.testng.reporters.JUnitReportReporter -->
<testsuite hostname="DESKTOP-9EGK2L4" failures="0" tests="1" name="techproed.tests.smoketests.Day22_PositiveLoginTest" time="2.659" errors="0" timestamp="2023-02-05T20:57:46 CET" skipped="0">
  <testcase classname="techproed.tests.smoketests.Day22_PositiveLoginTest" name="US100201_Admin_Login" time="2.659"/>
  <system-out>
    <![CDATA[SAYFAYA GIT 
LOGIN TIKLA
GIRIS BILGILERI GIR
GIRIS YAPIDIGINI DOGRULA
DRIVERI KAPAT]]>
  </system-out>
</testsuite> <!-- techproed.tests.smoketests.Day22_PositiveLoginTest -->
