<?xml version="1.0" encoding="UTF-8"?>
<!-- Generated by org.testng.reporters.JUnitReportReporter -->
<testsuite hostname="DESKTOP-9EGK2L4" failures="0" tests="1" name="techproed.tests.smoketests.Day22_PositiveLoginTest" time="2.560" errors="0" timestamp="2023-02-05T20:36:23 CET" skipped="0">
  <testcase classname="techproed.tests.smoketests.Day22_PositiveLoginTest" name="US100201_Admin_Login" time="2.560"/>
  <system-out/>
</testsuite> <!-- techproed.tests.smoketests.Day22_PositiveLoginTest -->
