<?xml version="1.0" encoding="UTF-8"?>
<!-- Generated by org.testng.reporters.JUnitReportReporter -->
<testsuite hostname="DESKTOP-9EGK2L4" failures="0" tests="1" name="techproed.tests.smoketests.Day22_NegativeLoginTest" time="9.666" errors="0" timestamp="2023-02-05T20:57:46 CET" skipped="0">
  <testcase classname="techproed.tests.smoketests.Day22_NegativeLoginTest" name="US100208_Negative_Login" time="9.666"/>
  <system-out/>
</testsuite> <!-- techproed.tests.smoketests.Day22_NegativeLoginTest -->
